<?xml version="1.0" encoding="UTF-8" ?>
<testsuite tests="17" failures="0" name="runners.RunnerTest" time="0.286" errors="0" skipped="8">
  <properties>
[...]
</properties>
  <testcase classname="Alugar Filme" name="Deve alugar um filme com sucesso" time="0.02"/>
  <testcase classname="Alugar Filme" name="Não deve alugar filme sem estoque" time="0.017"/>
  <testcase classname="Alugar Filme" name="Deve dar condições conforme tipo de aluguel" time="0.047"/>
  <testcase classname="Alugar Filme" name="Deve dar condições conforme tipo de aluguel" time="0.038"/>
  <testcase classname="Alugar Filme" name="Deve dar condições conforme tipo de aluguel" time="0.018"/>
  <testcase classname="Aprender Cucumber" name="Deve executar a especificação" time="0.03"/>
  <testcase classname="Aprender Cucumber" name="Deve incrementar contador" time="0.016"/>
  <testcase classname="Aprender Cucumber" name="Deve calcular atraso no prazo de entrega" time="0.009">
    <skipped/>
    <system-out>
  @unitarios
  Cenário: Deve calcular atraso no prazo de entrega &amp;#27;[90m# src/test/resources/features/aprender_cucumber.feature:19&amp;#27;[0m
Começando aqui!
Começando aqui, parte 2!
    &amp;#27;[33mDado &amp;#27;[0m&amp;#27;[33mque o prazo é dia 05/04/2018&amp;#27;[0m               &amp;#27;[90m# null&amp;#27;[0m
    &amp;#27;[36mQuando &amp;#27;[0m&amp;#27;[36ma entrega atrasar em &amp;#27;[0m&amp;#27;[36m&amp;#27;[1m2&amp;#27;[0m&amp;#27;[36m &amp;#27;[0m&amp;#27;[36m&amp;#27;[1mdias&amp;#27;[0m              &amp;#27;[90m# AprenderCucumberSteps.a_entrega_atrasar_em_dias(Integer,String)&amp;#27;[0m
    &amp;#27;[36mEntão &amp;#27;[0m&amp;#27;[36ma entrega será efetuada em &amp;#27;[0m&amp;#27;[36m&amp;#27;[1m07/04/2018&amp;#27;[0m     &amp;#27;[90m# AprenderCucumberSteps.a_entrega_será_efetuada_em(String)&amp;#27;[0m
</system-out>
  </testcase>
  <testcase classname="Aprender Cucumber" name="Deve calcular atraso no prazo de entrega da China" time="0.008">
    <skipped/>
    <system-out>
  @unitarios
  Cenário: Deve calcular atraso no prazo de entrega da China &amp;#27;[90m# src/test/resources/features/aprender_cucumber.feature:24&amp;#27;[0m
Começando aqui!
Começando aqui, parte 2!
    &amp;#27;[33mDado &amp;#27;[0m&amp;#27;[33mque o prazo é dia 05/04/2018&amp;#27;[0m                        &amp;#27;[90m# null&amp;#27;[0m
    &amp;#27;[36mQuando &amp;#27;[0m&amp;#27;[36ma entrega atrasar em &amp;#27;[0m&amp;#27;[36m&amp;#27;[1m2&amp;#27;[0m&amp;#27;[36m &amp;#27;[0m&amp;#27;[36m&amp;#27;[1mmeses&amp;#27;[0m                      &amp;#27;[90m# AprenderCucumberSteps.a_entrega_atrasar_em_dias(Integer,String)&amp;#27;[0m
    &amp;#27;[36mEntão &amp;#27;[0m&amp;#27;[36ma entrega será efetuada em &amp;#27;[0m&amp;#27;[36m&amp;#27;[1m05/06/2018&amp;#27;[0m              &amp;#27;[90m# AprenderCucumberSteps.a_entrega_será_efetuada_em(String)&amp;#27;[0m
</system-out>
  </testcase>
  <testcase classname="Aprender Cucumber" name="Deve criar steps genéricos para estes passos" time="0.013"/>
  <testcase classname="Aprender Cucumber" name="Deve reaproveitar os steps &quot;Dado&quot; do cenário anterior" time="0.01"/>
  <testcase classname="Aprender Cucumber" name="Deve negar todos os steps &quot;Dado&quot; dos cenários anteriores" time="0.01">
    <skipped/>
    <system-out>
  @unitarios
  Cenário: Deve negar todos os steps &quot;Dado&quot; dos cenários anteriores             &amp;#27;[90m# src/test/resources/features/aprender_cucumber.feature:44&amp;#27;[0m
Começando aqui!
Começando aqui, parte 2!
    &amp;#27;[33mDado &amp;#27;[0m&amp;#27;[33mque o ticket é CD123&amp;#27;[0m                                                   &amp;#27;[90m# null&amp;#27;[0m
    &amp;#27;[33mDado &amp;#27;[0m&amp;#27;[33mque o ticket é AG1234&amp;#27;[0m                                                  &amp;#27;[90m# null&amp;#27;[0m
    &amp;#27;[33mDado &amp;#27;[0m&amp;#27;[33mque o valor da passagem é R$ 1.1345,56&amp;#27;[0m                                 &amp;#27;[90m# null&amp;#27;[0m
    &amp;#27;[33mDado &amp;#27;[0m&amp;#27;[33mque o nome do passageiro é &quot;Beltrano Souza Matos de Alcântara Azevedo&quot;&amp;#27;[0m &amp;#27;[90m# null&amp;#27;[0m
    &amp;#27;[33mDado &amp;#27;[0m&amp;#27;[33mque o telefone do passageiro é 1234-5678&amp;#27;[0m                               &amp;#27;[90m# null&amp;#27;[0m
    &amp;#27;[33mDado &amp;#27;[0m&amp;#27;[33mque o telefone do passageiro é 999-2223&amp;#27;[0m                                &amp;#27;[90m# null&amp;#27;[0m
</system-out>
  </testcase>
  <testcase classname="Aprender Cucumber" name="Deve negar todos os steps &quot;Dado&quot; dos cenários anteriores" time="0.01">
    <skipped/>
  </testcase>
  <testcase classname="Aprender Cucumber" name="Deve negar todos os steps &quot;Dado&quot; dos cenários anteriores" time="0.01">
    <skipped/>
  </testcase>
  <testcase classname="Aprender Cucumber" name="Deve negar todos os steps &quot;Dado&quot; dos cenários anteriores" time="0.01">
    <skipped/>
  </testcase>
  <testcase classname="Aprender Cucumber" name="Deve negar todos os steps &quot;Dado&quot; dos cenários anteriores" time="0.01">
    <skipped/>
  </testcase>
  <testcase classname="Aprender Cucumber" name="Deve negar todos os steps &quot;Dado&quot; dos cenários anteriores" time="0.01">
    <skipped/>
  </testcase>
</testsuite>